1552981857483	mozrunner::runner	INFO	Running command: "/usr/bin/firefox" "-marionette" "-foreground" "-no-remote" "-profile" "/tmp/rust_mozprofile.y2SP8bKLzGwL"

(firefox-esr:19997): Gtk-WARNING **: Locale not supported by C library.
	Using the fallback 'C' locale.

(/usr/lib/firefox-esr/firefox-esr:20046): Gtk-WARNING **: Locale not supported by C library.
	Using the fallback 'C' locale.

(/usr/lib/firefox-esr/firefox-esr:20085): Gtk-WARNING **: Locale not supported by C library.
	Using the fallback 'C' locale.
1552981860703	Marionette	INFO	Listening on port 33173
1552981860801	Marionette	WARN	TLS certificate errors will be ignored for this session
console.log: Accessibility service init or shutdown observer does not exist.
*** UTM:SVC TimerManager:registerTimer called after profile-before-change notification. Ignoring timer registration for id: telemetry_modules_ping
1552982018836	mozrunner::runner	INFO	Running command: "/usr/bin/firefox" "-marionette" "-foreground" "-no-remote" "-profile" "/tmp/rust_mozprofile.MJy6TQJWrcF8"

(firefox-esr:20259): Gtk-WARNING **: Locale not supported by C library.
	Using the fallback 'C' locale.

(/usr/lib/firefox-esr/firefox-esr:20304): Gtk-WARNING **: Locale not supported by C library.
	Using the fallback 'C' locale.
1552982021425	Marionette	INFO	Listening on port 33761
1552982021454	Marionette	WARN	TLS certificate errors will be ignored for this session

(/usr/lib/firefox-esr/firefox-esr:20362): Gtk-WARNING **: Locale not supported by C library.
	Using the fallback 'C' locale.
console.log: Accessibility service init or shutdown observer does not exist.

###!!! [Child][MessageChannel] Error: (msgtype=0x550027,name=PNecko::Msg_RemoveRequestContext) Channel closing: too late to send/recv, messages will be lost

[Child 20304, Chrome_ChildThread] WARNING: pipe error (3): Connection reset by peer: file /build/firefox-esr-itlWhx/firefox-esr-60.5.1esr/ipc/chromium/src/chrome/common/ipc_channel_posix.cc, line 342

###!!! [Child][RunMessage] Error: Channel closing: too late to send/recv, messages will be lost


###!!! [Child][RunMessage] Error: Channel closing: too late to send/recv, messages will be lost


###!!! [Child][RunMessage] Error: Channel closing: too late to send/recv, messages will be lost


###!!! [Child][RunMessage] Error: Channel closing: too late to send/recv, messages will be lost


###!!! [Child][RunMessage] Error: Channel closing: too late to send/recv, messages will be lost


###!!! [Child][RunMessage] Error: Channel closing: too late to send/recv, messages will be lost


###!!! [Child][RunMessage] Error: Channel closing: too late to send/recv, messages will be lost


###!!! [Child][RunMessage] Error: Channel closing: too late to send/recv, messages will be lost


###!!! [Child][RunMessage] Error: Channel closing: too late to send/recv, messages will be lost

*** UTM:SVC TimerManager:registerTimer called after profile-before-change notification. Ignoring timer registration for id: telemetry_modules_ping
1552982086329	mozrunner::runner	INFO	Running command: "/usr/bin/firefox" "-marionette" "-foreground" "-no-remote" "-profile" "/tmp/rust_mozprofile.jhDcly4tZ8KR"

(firefox-esr:20429): Gtk-WARNING **: Locale not supported by C library.
	Using the fallback 'C' locale.

(/usr/lib/firefox-esr/firefox-esr:20470): Gtk-WARNING **: Locale not supported by C library.
	Using the fallback 'C' locale.
1552982088964	Marionette	INFO	Listening on port 42141
1552982089070	Marionette	WARN	TLS certificate errors will be ignored for this session

(/usr/lib/firefox-esr/firefox-esr:20525): Gtk-WARNING **: Locale not supported by C library.
	Using the fallback 'C' locale.
console.log: Accessibility service init or shutdown observer does not exist.

###!!! [Child][RunMessage] Error: Channel closing: too late to send/recv, messages will be lost


###!!! [Child][RunMessage] Error: Channel closing: too late to send/recv, messages will be lost

*** UTM:SVC TimerManager:registerTimer called after profile-before-change notification. Ignoring timer registration for id: telemetry_modules_ping
1552982220586	mozrunner::runner	INFO	Running command: "/usr/bin/firefox" "-marionette" "-foreground" "-no-remote" "-profile" "/tmp/rust_mozprofile.FWC26nZpsOv6"

(firefox-esr:20629): Gtk-WARNING **: Locale not supported by C library.
	Using the fallback 'C' locale.

(/usr/lib/firefox-esr/firefox-esr:20676): Gtk-WARNING **: Locale not supported by C library.
	Using the fallback 'C' locale.

(/usr/lib/firefox-esr/firefox-esr:20725): Gtk-WARNING **: Locale not supported by C library.
	Using the fallback 'C' locale.
1552982223762	Marionette	INFO	Listening on port 41821
1552982223807	Marionette	WARN	TLS certificate errors will be ignored for this session
console.log: Accessibility service init or shutdown observer does not exist.
*** UTM:SVC TimerManager:registerTimer called after profile-before-change notification. Ignoring timer registration for id: telemetry_modules_ping
1552982291718	mozrunner::runner	INFO	Running command: "/usr/bin/firefox" "-marionette" "-foreground" "-no-remote" "-profile" "/tmp/rust_mozprofile.tQ9jbpNCYCK4"

(firefox-esr:20817): Gtk-WARNING **: Locale not supported by C library.
	Using the fallback 'C' locale.

(/usr/lib/firefox-esr/firefox-esr:20865): Gtk-WARNING **: Locale not supported by C library.
	Using the fallback 'C' locale.

(/usr/lib/firefox-esr/firefox-esr:20915): Gtk-WARNING **: Locale not supported by C library.
	Using the fallback 'C' locale.
1552982294921	Marionette	INFO	Listening on port 39593
1552982294953	Marionette	WARN	TLS certificate errors will be ignored for this session
console.log: Accessibility service init or shutdown observer does not exist.
*** UTM:SVC TimerManager:registerTimer called after profile-before-change notification. Ignoring timer registration for id: telemetry_modules_ping
1552982344062	mozrunner::runner	INFO	Running command: "/usr/bin/firefox" "-marionette" "-foreground" "-no-remote" "-profile" "/tmp/rust_mozprofile.B9nJIs6ky0lX"

(firefox-esr:20984): Gtk-WARNING **: Locale not supported by C library.
	Using the fallback 'C' locale.

(/usr/lib/firefox-esr/firefox-esr:21028): Gtk-WARNING **: Locale not supported by C library.
	Using the fallback 'C' locale.
1552982346642	Marionette	INFO	Listening on port 41593
1552982346676	Marionette	WARN	TLS certificate errors will be ignored for this session

(/usr/lib/firefox-esr/firefox-esr:21080): Gtk-WARNING **: Locale not supported by C library.
	Using the fallback 'C' locale.
console.log: Accessibility service init or shutdown observer does not exist.
[Child 21028, Chrome_ChildThread] WARNING: pipe error (3): Connection reset by peer: file /build/firefox-esr-itlWhx/firefox-esr-60.5.1esr/ipc/chromium/src/chrome/common/ipc_channel_posix.cc, line 342

###!!! [Child][MessageChannel] Error: (msgtype=0x550027,name=PNecko::Msg_RemoveRequestContext) Channel closing: too late to send/recv, messages will be lost


###!!! [Child][RunMessage] Error: Channel closing: too late to send/recv, messages will be lost

*** UTM:SVC TimerManager:registerTimer called after profile-before-change notification. Ignoring timer registration for id: telemetry_modules_ping
1552982794976	mozrunner::runner	INFO	Running command: "/usr/bin/firefox" "-marionette" "-foreground" "-no-remote" "-profile" "/tmp/rust_mozprofile.wiXn1ih3sFJl"

(firefox-esr:21245): Gtk-WARNING **: Locale not supported by C library.
	Using the fallback 'C' locale.

(/usr/lib/firefox-esr/firefox-esr:21293): Gtk-WARNING **: Locale not supported by C library.
	Using the fallback 'C' locale.

(/usr/lib/firefox-esr/firefox-esr:21342): Gtk-WARNING **: Locale not supported by C library.
	Using the fallback 'C' locale.
1552982798180	Marionette	INFO	Listening on port 39415
1552982798209	Marionette	WARN	TLS certificate errors will be ignored for this session
console.log: Accessibility service init or shutdown observer does not exist.
*** UTM:SVC TimerManager:registerTimer called after profile-before-change notification. Ignoring timer registration for id: telemetry_modules_ping
1552983298055	mozrunner::runner	INFO	Running command: "/usr/bin/firefox" "-marionette" "-foreground" "-no-remote" "-profile" "/tmp/rust_mozprofile.ts96wKoTUGEc"

(firefox-esr:21745): Gtk-WARNING **: Locale not supported by C library.
	Using the fallback 'C' locale.

(/usr/lib/firefox-esr/firefox-esr:21787): Gtk-WARNING **: Locale not supported by C library.
	Using the fallback 'C' locale.

(/usr/lib/firefox-esr/firefox-esr:21839): Gtk-WARNING **: Locale not supported by C library.
	Using the fallback 'C' locale.
1552983301252	Marionette	INFO	Listening on port 43027
1552983301304	Marionette	WARN	TLS certificate errors will be ignored for this session
console.log: Accessibility service init or shutdown observer does not exist.

###!!! [Child][RunMessage] Error: Channel closing: too late to send/recv, messages will be lost

*** UTM:SVC TimerManager:registerTimer called after profile-before-change notification. Ignoring timer registration for id: telemetry_modules_ping
1552983350827	mozrunner::runner	INFO	Running command: "/usr/bin/firefox" "-marionette" "-foreground" "-no-remote" "-profile" "/tmp/rust_mozprofile.R9jeayT6pHeT"

(firefox-esr:21913): Gtk-WARNING **: Locale not supported by C library.
	Using the fallback 'C' locale.

(/usr/lib/firefox-esr/firefox-esr:21958): Gtk-WARNING **: Locale not supported by C library.
	Using the fallback 'C' locale.

(/usr/lib/firefox-esr/firefox-esr:22015): Gtk-WARNING **: Locale not supported by C library.
	Using the fallback 'C' locale.
1552983354320	Marionette	INFO	Listening on port 41245
1552983354344	Marionette	WARN	TLS certificate errors will be ignored for this session
1552983430004	mozrunner::runner	INFO	Running command: "/usr/bin/firefox" "-marionette" "-foreground" "-no-remote" "-profile" "/tmp/rust_mozprofile.2vWjj1Tj63xE"

(firefox-esr:22139): Gtk-WARNING **: Locale not supported by C library.
	Using the fallback 'C' locale.

(/usr/lib/firefox-esr/firefox-esr:22188): Gtk-WARNING **: Locale not supported by C library.
	Using the fallback 'C' locale.

(/usr/lib/firefox-esr/firefox-esr:22235): Gtk-WARNING **: Locale not supported by C library.
	Using the fallback 'C' locale.
1552983433372	Marionette	INFO	Listening on port 44635
1552983433423	Marionette	WARN	TLS certificate errors will be ignored for this session
console.log: Accessibility service init or shutdown observer does not exist.
*** UTM:SVC TimerManager:registerTimer called after profile-before-change notification. Ignoring timer registration for id: telemetry_modules_ping
1552983447885	mozrunner::runner	INFO	Running command: "/usr/bin/firefox" "-marionette" "-foreground" "-no-remote" "-profile" "/tmp/rust_mozprofile.gRYXnvGLkOEe"

(firefox-esr:22293): Gtk-WARNING **: Locale not supported by C library.
	Using the fallback 'C' locale.

(/usr/lib/firefox-esr/firefox-esr:22343): Gtk-WARNING **: Locale not supported by C library.
	Using the fallback 'C' locale.
1552983450555	Marionette	INFO	Listening on port 40079
1552983450606	Marionette	WARN	TLS certificate errors will be ignored for this session

(/usr/lib/firefox-esr/firefox-esr:22396): Gtk-WARNING **: Locale not supported by C library.
	Using the fallback 'C' locale.
console.log: Accessibility service init or shutdown observer does not exist.
*** UTM:SVC TimerManager:registerTimer called after profile-before-change notification. Ignoring timer registration for id: telemetry_modules_ping
console.log: Accessibility service init or shutdown observer does not exist.
1552983504014	mozrunner::runner	INFO	Running command: "/usr/bin/firefox" "-marionette" "-foreground" "-no-remote" "-profile" "/tmp/rust_mozprofile.ZfGidJc9srHm"

(firefox-esr:22457): Gtk-WARNING **: Locale not supported by C library.
	Using the fallback 'C' locale.

(/usr/lib/firefox-esr/firefox-esr:22503): Gtk-WARNING **: Locale not supported by C library.
	Using the fallback 'C' locale.
1552983506607	Marionette	INFO	Listening on port 43219
1552983506631	Marionette	WARN	TLS certificate errors will be ignored for this session

(/usr/lib/firefox-esr/firefox-esr:22559): Gtk-WARNING **: Locale not supported by C library.
	Using the fallback 'C' locale.
1552983693430	mozrunner::runner	INFO	Running command: "/usr/bin/firefox" "-marionette" "-foreground" "-no-remote" "-profile" "/tmp/rust_mozprofile.ntJEtiP9BRI2"

(firefox-esr:22753): Gtk-WARNING **: Locale not supported by C library.
	Using the fallback 'C' locale.

(/usr/lib/firefox-esr/firefox-esr:22797): Gtk-WARNING **: Locale not supported by C library.
	Using the fallback 'C' locale.
1552983696031	Marionette	INFO	Listening on port 40653
1552983696040	Marionette	WARN	TLS certificate errors will be ignored for this session

(/usr/lib/firefox-esr/firefox-esr:22854): Gtk-WARNING **: Locale not supported by C library.
	Using the fallback 'C' locale.
console.log: Accessibility service init or shutdown observer does not exist.
*** UTM:SVC TimerManager:registerTimer called after profile-before-change notification. Ignoring timer registration for id: telemetry_modules_ping
1552983778634	mozrunner::runner	INFO	Running command: "/usr/bin/firefox" "-marionette" "-foreground" "-no-remote" "-profile" "/tmp/rust_mozprofile.MkhqNXVWMClX"

(firefox-esr:22979): Gtk-WARNING **: Locale not supported by C library.
	Using the fallback 'C' locale.

(/usr/lib/firefox-esr/firefox-esr:23020): Gtk-WARNING **: Locale not supported by C library.
	Using the fallback 'C' locale.

(/usr/lib/firefox-esr/firefox-esr:23072): Gtk-WARNING **: Locale not supported by C library.
	Using the fallback 'C' locale.
1552983781524	Marionette	INFO	Listening on port 44665
1552983781558	Marionette	WARN	TLS certificate errors will be ignored for this session
console.log: Accessibility service init or shutdown observer does not exist.
[Child 23020, Chrome_ChildThread] WARNING: pipe error: Broken pipe: file /build/firefox-esr-itlWhx/firefox-esr-60.5.1esr/ipc/chromium/src/chrome/common/ipc_channel_posix.cc, line 694
[Child 23020, Chrome_ChildThread] WARNING: pipe error: Broken pipe: file /build/firefox-esr-itlWhx/firefox-esr-60.5.1esr/ipc/chromium/src/chrome/common/ipc_channel_posix.cc, line 694
[Child 23020, Chrome_ChildThread] WARNING: pipe error: Broken pipe: file /build/firefox-esr-itlWhx/firefox-esr-60.5.1esr/ipc/chromium/src/chrome/common/ipc_channel_posix.cc, line 694
[Child 23020, Chrome_ChildThread] WARNING: pipe error: Broken pipe: file /build/firefox-esr-itlWhx/firefox-esr-60.5.1esr/ipc/chromium/src/chrome/common/ipc_channel_posix.cc, line 694
*** UTM:SVC TimerManager:registerTimer called after profile-before-change notification. Ignoring timer registration for id: telemetry_modules_ping
